# JRE version: Java(TM) SE Runtime Environment (17.0.12+8) (build 17.0.12+8-LTS-286)
# Java VM: Java HotSpot(TM) 64-Bit Server VM (17.0.12+8-LTS-286, mixed mode, emulated-client, sharing, tiered, compressed oops, compressed class ptrs, g1 gc, windows-amd64)
GC Precious Log:
 CPUs: 4 total, 4 available
 Memory: 8065M
 Large Page Support: Disabled
 NUMA Support: Disabled
 Compressed Oops: Enabled (32-bit)
 Heap Region Size: 1M
 Heap Min Capacity: 8M
 Heap Initial Capacity: 128M
 Heap Max Capacity: 2018M
 Pre-touch: Disabled
 Parallel Workers: 4
 Concurrent Workers: 1
 Concurrent Refinement Workers: 4
 Periodic GC: Disabled
Heap:
 garbage-first heap   total 70656K, used 38968K [0x0000000081e00000, 0x0000000100000000)
  region size 1024K, 12 young (12288K), 3 survivors (3072K)
 Metaspace       used 60024K, committed 60480K, reserved 1114112K
  class space    used 8485K, committed 8704K, reserved 1048576K
GC Heap History (20 events):
Event: 1.762 GC heap before
{Heap before GC invocations=3 (full 0):
 garbage-first heap   total 131072K, used 59782K [0x0000000081e00000, 0x0000000100000000)
  region size 1024K, 53 young (54272K), 3 survivors (3072K)
 Metaspace       used 21173K, committed 21504K, reserved 1114112K
  class space    used 2881K, committed 3008K, reserved 1048576K
}
Event: 1.772 GC heap after
{Heap after GC invocations=4 (full 0):
 garbage-first heap   total 131072K, used 15892K [0x0000000081e00000, 0x0000000100000000)
  region size 1024K, 8 young (8192K), 8 survivors (8192K)
 Metaspace       used 21173K, committed 21504K, reserved 1114112K
  class space    used 2881K, committed 3008K, reserved 1048576K
}
Event: 2.271 GC heap before
{Heap before GC invocations=5 (full 0):
 garbage-first heap   total 58368K, used 41492K [0x0000000081e00000, 0x0000000100000000)
  region size 1024K, 34 young (34816K), 8 survivors (8192K)
 Metaspace       used 23554K, committed 23872K, reserved 1114112K
  class space    used 3186K, committed 3328K, reserved 1048576K
}
Event: 2.295 GC heap after
{Heap after GC invocations=6 (full 0):
 garbage-first heap   total 58368K, used 18072K [0x0000000081e00000, 0x0000000100000000)
  region size 1024K, 3 young (3072K), 3 survivors (3072K)
 Metaspace       used 23554K, committed 23872K, reserved 1114112K
  class space    used 3186K, committed 3328K, reserved 1048576K
}
Event: 2.927 GC heap before
{Heap before GC invocations=6 (full 0):
 garbage-first heap   total 58368K, used 39576K [0x0000000081e00000, 0x0000000100000000)
  region size 1024K, 24 young (24576K), 3 survivors (3072K)
 Metaspace       used 25595K, committed 25984K, reserved 1114112K
  class space    used 3483K, committed 3648K, reserved 1048576K
}
Event: 2.935 GC heap after
{Heap after GC invocations=7 (full 0):
 garbage-first heap   total 58368K, used 20590K [0x0000000081e00000, 0x0000000100000000)
  region size 1024K, 2 young (2048K), 2 survivors (2048K)
 Metaspace       used 25595K, committed 25984K, reserved 1114112K
  class space    used 3483K, committed 3648K, reserved 1048576K
}
Event: 3.944 GC heap before
{Heap before GC invocations=7 (full 0):
 garbage-first heap   total 58368K, used 42094K [0x0000000081e00000, 0x0000000100000000)
  region size 1024K, 23 young (23552K), 2 survivors (2048K)
 Metaspace       used 28259K, committed 28672K, reserved 1114112K
  class space    used 3937K, committed 4160K, reserved 1048576K
}
Event: 3.953 GC heap after
{Heap after GC invocations=8 (full 0):
 garbage-first heap   total 70656K, used 21915K [0x0000000081e00000, 0x0000000100000000)
  region size 1024K, 3 young (3072K), 3 survivors (3072K)
 Metaspace       used 28259K, committed 28672K, reserved 1114112K
  class space    used 3937K, committed 4160K, reserved 1048576K
}
Event: 5.516 GC heap before
{Heap before GC invocations=8 (full 0):
 garbage-first heap   total 70656K, used 51611K [0x0000000081e00000, 0x0000000100000000)
  region size 1024K, 32 young (32768K), 3 survivors (3072K)
 Metaspace       used 32851K, committed 33344K, reserved 1114112K
  class space    used 4659K, committed 4864K, reserved 1048576K
}
Event: 5.526 GC heap after
{Heap after GC invocations=9 (full 0):
 garbage-first heap   total 70656K, used 24410K [0x0000000081e00000, 0x0000000100000000)
  region size 1024K, 4 young (4096K), 4 survivors (4096K)
 Metaspace       used 32851K, committed 33344K, reserved 1114112K
  class space    used 4659K, committed 4864K, reserved 1048576K
}
Event: 6.225 GC heap before
{Heap before GC invocations=9 (full 0):
 garbage-first heap   total 70656K, used 40794K [0x0000000081e00000, 0x0000000100000000)
  region size 1024K, 21 young (21504K), 4 survivors (4096K)
 Metaspace       used 35695K, committed 36160K, reserved 1114112K
  class space    used 5003K, committed 5248K, reserved 1048576K
}
Event: 6.232 GC heap after
{Heap after GC invocations=10 (full 0):
 garbage-first heap   total 70656K, used 26309K [0x0000000081e00000, 0x0000000100000000)
  region size 1024K, 2 young (2048K), 2 survivors (2048K)
 Metaspace       used 35695K, committed 36160K, reserved 1114112K
  class space    used 5003K, committed 5248K, reserved 1048576K
}
Event: 7.530 GC heap before
{Heap before GC invocations=11 (full 0):
 garbage-first heap   total 70656K, used 51909K [0x0000000081e00000, 0x0000000100000000)
  region size 1024K, 28 young (28672K), 2 survivors (2048K)
 Metaspace       used 41355K, committed 41792K, reserved 1114112K
  class space    used 6009K, committed 6208K, reserved 1048576K
}
Event: 7.534 GC heap after
{Heap after GC invocations=12 (full 0):
 garbage-first heap   total 70656K, used 27845K [0x0000000081e00000, 0x0000000100000000)
  region size 1024K, 4 young (4096K), 4 survivors (4096K)
 Metaspace       used 41355K, committed 41792K, reserved 1114112K
  class space    used 6009K, committed 6208K, reserved 1048576K
}
Event: 8.875 GC heap before
{Heap before GC invocations=13 (full 0):
 garbage-first heap   total 70656K, used 52421K [0x0000000081e00000, 0x0000000100000000)
  region size 1024K, 29 young (29696K), 4 survivors (4096K)
 Metaspace       used 47450K, committed 47936K, reserved 1114112K
  class space    used 6902K, committed 7104K, reserved 1048576K
}
Event: 8.881 GC heap after
{Heap after GC invocations=14 (full 0):
 garbage-first heap   total 70656K, used 29122K [0x0000000081e00000, 0x0000000100000000)
  region size 1024K, 4 young (4096K), 4 survivors (4096K)
 Metaspace       used 47450K, committed 47936K, reserved 1114112K
  class space    used 6902K, committed 7104K, reserved 1048576K
}
Event: 10.520 GC heap before
{Heap before GC invocations=14 (full 0):
 garbage-first heap   total 70656K, used 54722K [0x0000000081e00000, 0x0000000100000000)
  region size 1024K, 29 young (29696K), 4 survivors (4096K)
 Metaspace       used 53127K, committed 53696K, reserved 1114112K
  class space    used 7562K, committed 7808K, reserved 1048576K
}
Event: 10.525 GC heap after
{Heap after GC invocations=15 (full 0):
 garbage-first heap   total 70656K, used 30866K [0x0000000081e00000, 0x0000000100000000)
  region size 1024K, 3 young (3072K), 3 survivors (3072K)
 Metaspace       used 53127K, committed 53696K, reserved 1114112K
  class space    used 7562K, committed 7808K, reserved 1048576K
}
Event: 10.964 GC heap before
{Heap before GC invocations=15 (full 0):
 garbage-first heap   total 70656K, used 55442K [0x0000000081e00000, 0x0000000100000000)
  region size 1024K, 28 young (28672K), 3 survivors (3072K)
 Metaspace       used 57353K, committed 57856K, reserved 1114112K
  class space    used 8136K, committed 8384K, reserved 1048576K
}
Event: 10.968 GC heap after
{Heap after GC invocations=16 (full 0):
 garbage-first heap   total 70656K, used 31800K [0x0000000081e00000, 0x0000000100000000)
  region size 1024K, 3 young (3072K), 3 survivors (3072K)
 Metaspace       used 57353K, committed 57856K, reserved 1114112K
  class space    used 8136K, committed 8384K, reserved 1048576K
}

