# JRE version: OpenJDK Runtime Environment Temurin-21.0.10+7 (21.0.10+7) (build 21.0.10+7-LTS)
# Java VM: OpenJDK 64-Bit Server VM Temurin-21.0.10+7 (21.0.10+7-LTS, mixed mode, sharing, tiered, compressed oops, compressed class ptrs, parallel gc, windows-amd64)
GC Precious Log:
 CardTable entry size: 512
 CPUs: 4 total, 4 available
 Memory: 8065M
 Large Page Support: Disabled
 NUMA Support: Disabled
 Compressed Oops: Enabled (32-bit)
 Alignments: Space 512K, Generation 512K, Heap 2M
 Heap Min Capacity: 100M
 Heap Initial Capacity: 100M
 Heap Max Capacity: 2G
 Pre-touch: Disabled
 Parallel Workers: 4
Heap:
 PSYoungGen      total 12800K, used 10418K [0x00000000d5580000, 0x00000000d6300000, 0x0000000100000000)
  eden space 11776K, 80% used [0x00000000d5580000,0x00000000d5ec8b40,0x00000000d6100000)
  from space 1024K, 89% used [0x00000000d6100000,0x00000000d61e4030,0x00000000d6200000)
  to   space 1024K, 0% used [0x00000000d6200000,0x00000000d6200000,0x00000000d6300000)
 ParOldGen       total 68608K, used 51241K [0x0000000080000000, 0x0000000084300000, 0x00000000d5580000)
  object space 68608K, 74% used [0x0000000080000000,0x000000008320a5b0,0x0000000084300000)
 Metaspace       used 59645K, committed 60992K, reserved 1114112K
  class space    used 6311K, committed 6912K, reserved 1048576K
GC Heap History (20 events):
Event: 25.550 GC heap before
{Heap before GC invocations=45 (full 2):
 PSYoungGen      total 14336K, used 13812K [0x00000000d5580000, 0x00000000d6480000, 0x0000000100000000)
  eden space 13312K, 100% used [0x00000000d5580000,0x00000000d6280000,0x00000000d6280000)
  from space 1024K, 48% used [0x00000000d6380000,0x00000000d63fd148,0x00000000d6480000)
  to   space 1024K, 0% used [0x00000000d6280000,0x00000000d6280000,0x00000000d6380000)
 ParOldGen       total 68608K, used 59322K [0x0000000080000000, 0x0000000084300000, 0x00000000d5580000)
  object space 68608K, 86% used [0x0000000080000000,0x00000000839eea48,0x0000000084300000)
 Metaspace       used 54997K, committed 56384K, reserved 1114112K
  class space    used 5878K, committed 6464K, reserved 1048576K
}
Event: 25.551 GC heap after
{Heap after GC invocations=45 (full 2):
 PSYoungGen      total 14336K, used 504K [0x00000000d5580000, 0x00000000d6400000, 0x0000000100000000)
  eden space 13312K, 0% used [0x00000000d5580000,0x00000000d5580000,0x00000000d6280000)
  from space 1024K, 49% used [0x00000000d6280000,0x00000000d62fe2f8,0x00000000d6380000)
  to   space 512K, 0% used [0x00000000d6380000,0x00000000d6380000,0x00000000d6400000)
 ParOldGen       total 68608K, used 59730K [0x0000000080000000, 0x0000000084300000, 0x00000000d5580000)
  object space 68608K, 87% used [0x0000000080000000,0x0000000083a549b8,0x0000000084300000)
 Metaspace       used 54997K, committed 56384K, reserved 1114112K
  class space    used 5878K, committed 6464K, reserved 1048576K
}
Event: 26.090 GC heap before
{Heap before GC invocations=46 (full 2):
 PSYoungGen      total 14336K, used 13757K [0x00000000d5580000, 0x00000000d6400000, 0x0000000100000000)
  eden space 13312K, 99% used [0x00000000d5580000,0x00000000d62712e8,0x00000000d6280000)
  from space 1024K, 49% used [0x00000000d6280000,0x00000000d62fe2f8,0x00000000d6380000)
  to   space 512K, 0% used [0x00000000d6380000,0x00000000d6380000,0x00000000d6400000)
 ParOldGen       total 68608K, used 59730K [0x0000000080000000, 0x0000000084300000, 0x00000000d5580000)
  object space 68608K, 87% used [0x0000000080000000,0x0000000083a549b8,0x0000000084300000)
 Metaspace       used 55662K, committed 56960K, reserved 1114112K
  class space    used 5950K, committed 6528K, reserved 1048576K
}
Event: 26.093 GC heap after
{Heap after GC invocations=46 (full 2):
 PSYoungGen      total 13824K, used 256K [0x00000000d5580000, 0x00000000d6400000, 0x0000000100000000)
  eden space 13312K, 0% used [0x00000000d5580000,0x00000000d5580000,0x00000000d6280000)
  from space 512K, 50% used [0x00000000d6380000,0x00000000d63c0000,0x00000000d6400000)
  to   space 512K, 0% used [0x00000000d6300000,0x00000000d6300000,0x00000000d6380000)
 ParOldGen       total 68608K, used 60105K [0x0000000080000000, 0x0000000084300000, 0x00000000d5580000)
  object space 68608K, 87% used [0x0000000080000000,0x0000000083ab2748,0x0000000084300000)
 Metaspace       used 55662K, committed 56960K, reserved 1114112K
  class space    used 5950K, committed 6528K, reserved 1048576K
}
Event: 26.610 GC heap before
{Heap before GC invocations=47 (full 2):
 PSYoungGen      total 13824K, used 13568K [0x00000000d5580000, 0x00000000d6400000, 0x0000000100000000)
  eden space 13312K, 100% used [0x00000000d5580000,0x00000000d6280000,0x00000000d6280000)
  from space 512K, 50% used [0x00000000d6380000,0x00000000d63c0000,0x00000000d6400000)
  to   space 512K, 0% used [0x00000000d6300000,0x00000000d6300000,0x00000000d6380000)
 ParOldGen       total 68608K, used 60105K [0x0000000080000000, 0x0000000084300000, 0x00000000d5580000)
  object space 68608K, 87% used [0x0000000080000000,0x0000000083ab2748,0x0000000084300000)
 Metaspace       used 57005K, committed 58368K, reserved 1114112K
  class space    used 6088K, committed 6720K, reserved 1048576K
}
Event: 26.612 GC heap after
{Heap after GC invocations=47 (full 2):
 PSYoungGen      total 13824K, used 320K [0x00000000d5580000, 0x00000000d6400000, 0x0000000100000000)
  eden space 13312K, 0% used [0x00000000d5580000,0x00000000d5580000,0x00000000d6280000)
  from space 512K, 62% used [0x00000000d6300000,0x00000000d6350000,0x00000000d6380000)
  to   space 512K, 0% used [0x00000000d6380000,0x00000000d6380000,0x00000000d6400000)
 ParOldGen       total 68608K, used 60297K [0x0000000080000000, 0x0000000084300000, 0x00000000d5580000)
  object space 68608K, 87% used [0x0000000080000000,0x0000000083ae2748,0x0000000084300000)
 Metaspace       used 57005K, committed 58368K, reserved 1114112K
  class space    used 6088K, committed 6720K, reserved 1048576K
}
Event: 26.931 GC heap before
{Heap before GC invocations=48 (full 2):
 PSYoungGen      total 13824K, used 13619K [0x00000000d5580000, 0x00000000d6400000, 0x0000000100000000)
  eden space 13312K, 99% used [0x00000000d5580000,0x00000000d627ce78,0x00000000d6280000)
  from space 512K, 62% used [0x00000000d6300000,0x00000000d6350000,0x00000000d6380000)
  to   space 512K, 0% used [0x00000000d6380000,0x00000000d6380000,0x00000000d6400000)
 ParOldGen       total 68608K, used 60297K [0x0000000080000000, 0x0000000084300000, 0x00000000d5580000)
  object space 68608K, 87% used [0x0000000080000000,0x0000000083ae2748,0x0000000084300000)
 Metaspace       used 57345K, committed 58752K, reserved 1114112K
  class space    used 6110K, committed 6720K, reserved 1048576K
}
Event: 26.933 GC heap after
{Heap after GC invocations=48 (full 2):
 PSYoungGen      total 12288K, used 494K [0x00000000d5580000, 0x00000000d6780000, 0x0000000100000000)
  eden space 11776K, 0% used [0x00000000d5580000,0x00000000d5580000,0x00000000d6100000)
  from space 512K, 96% used [0x00000000d6380000,0x00000000d63fba80,0x00000000d6400000)
  to   space 2560K, 0% used [0x00000000d6100000,0x00000000d6100000,0x00000000d6380000)
 ParOldGen       total 68608K, used 61995K [0x0000000080000000, 0x0000000084300000, 0x00000000d5580000)
  object space 68608K, 90% used [0x0000000080000000,0x0000000083c8ac18,0x0000000084300000)
 Metaspace       used 57345K, committed 58752K, reserved 1114112K
  class space    used 6110K, committed 6720K, reserved 1048576K
}
Event: 27.034 GC heap before
{Heap before GC invocations=49 (full 2):
 PSYoungGen      total 12288K, used 12270K [0x00000000d5580000, 0x00000000d6780000, 0x0000000100000000)
  eden space 11776K, 100% used [0x00000000d5580000,0x00000000d6100000,0x00000000d6100000)
  from space 512K, 96% used [0x00000000d6380000,0x00000000d63fba80,0x00000000d6400000)
  to   space 2560K, 0% used [0x00000000d6100000,0x00000000d6100000,0x00000000d6380000)
 ParOldGen       total 68608K, used 61995K [0x0000000080000000, 0x0000000084300000, 0x00000000d5580000)
  object space 68608K, 90% used [0x0000000080000000,0x0000000083c8ac18,0x0000000084300000)
 Metaspace       used 57361K, committed 58752K, reserved 1114112K
  class space    used 6110K, committed 6720K, reserved 1048576K
}
Event: 27.036 GC heap after
{Heap after GC invocations=49 (full 2):
 PSYoungGen      total 12800K, used 873K [0x00000000d5580000, 0x00000000d6400000, 0x0000000100000000)
  eden space 11776K, 0% used [0x00000000d5580000,0x00000000d5580000,0x00000000d6100000)
  from space 1024K, 85% used [0x00000000d6100000,0x00000000d61da6d8,0x00000000d6200000)
  to   space 1536K, 0% used [0x00000000d6280000,0x00000000d6280000,0x00000000d6400000)
 ParOldGen       total 68608K, used 62385K [0x0000000080000000, 0x0000000084300000, 0x00000000d5580000)
  object space 68608K, 90% used [0x0000000080000000,0x0000000083cec5b0,0x0000000084300000)
 Metaspace       used 57361K, committed 58752K, reserved 1114112K
  class space    used 6110K, committed 6720K, reserved 1048576K
}
Event: 27.116 GC heap before
{Heap before GC invocations=50 (full 2):
 PSYoungGen      total 12800K, used 12649K [0x00000000d5580000, 0x00000000d6400000, 0x0000000100000000)
  eden space 11776K, 100% used [0x00000000d5580000,0x00000000d6100000,0x00000000d6100000)
  from space 1024K, 85% used [0x00000000d6100000,0x00000000d61da6d8,0x00000000d6200000)
  to   space 1536K, 0% used [0x00000000d6280000,0x00000000d6280000,0x00000000d6400000)
 ParOldGen       total 68608K, used 62385K [0x0000000080000000, 0x0000000084300000, 0x00000000d5580000)
  object space 68608K, 90% used [0x0000000080000000,0x0000000083cec5b0,0x0000000084300000)
 Metaspace       used 57364K, committed 58752K, reserved 1114112K
  class space    used 6110K, committed 6720K, reserved 1048576K
}
Event: 27.117 GC heap after
{Heap after GC invocations=50 (full 2):
 PSYoungGen      total 12288K, used 407K [0x00000000d5580000, 0x00000000d6300000, 0x0000000100000000)
  eden space 11776K, 0% used [0x00000000d5580000,0x00000000d5580000,0x00000000d6100000)
  from space 512K, 79% used [0x00000000d6280000,0x00000000d62e5df0,0x00000000d6300000)
  to   space 1024K, 0% used [0x00000000d6100000,0x00000000d6100000,0x00000000d6200000)
 ParOldGen       total 68608K, used 62417K [0x0000000080000000, 0x0000000084300000, 0x00000000d5580000)
  object space 68608K, 90% used [0x0000000080000000,0x0000000083cf45b0,0x0000000084300000)
 Metaspace       used 57364K, committed 58752K, reserved 1114112K
  class space    used 6110K, committed 6720K, reserved 1048576K
}
Event: 27.319 GC heap before
{Heap before GC invocations=51 (full 2):
 PSYoungGen      total 12288K, used 6510K [0x00000000d5580000, 0x00000000d6300000, 0x0000000100000000)
  eden space 11776K, 51% used [0x00000000d5580000,0x00000000d5b75be0,0x00000000d6100000)
  from space 512K, 79% used [0x00000000d6280000,0x00000000d62e5df0,0x00000000d6300000)
  to   space 1024K, 0% used [0x00000000d6100000,0x00000000d6100000,0x00000000d6200000)
 ParOldGen       total 68608K, used 62417K [0x0000000080000000, 0x0000000084300000, 0x00000000d5580000)
  object space 68608K, 90% used [0x0000000080000000,0x0000000083cf45b0,0x0000000084300000)
 Metaspace       used 58349K, committed 59776K, reserved 1114112K
  class space    used 6205K, committed 6848K, reserved 1048576K
}
Event: 27.322 GC heap after
{Heap after GC invocations=51 (full 2):
 PSYoungGen      total 12800K, used 128K [0x00000000d5580000, 0x00000000d6300000, 0x0000000100000000)
  eden space 11776K, 0% used [0x00000000d5580000,0x00000000d5580000,0x00000000d6100000)
  from space 1024K, 12% used [0x00000000d6100000,0x00000000d6120000,0x00000000d6200000)
  to   space 512K, 0% used [0x00000000d6280000,0x00000000d6280000,0x00000000d6300000)
 ParOldGen       total 68608K, used 62425K [0x0000000080000000, 0x0000000084300000, 0x00000000d5580000)
  object space 68608K, 90% used [0x0000000080000000,0x0000000083cf65b0,0x0000000084300000)
 Metaspace       used 58349K, committed 59776K, reserved 1114112K
  class space    used 6205K, committed 6848K, reserved 1048576K
}
Event: 27.322 GC heap before
{Heap before GC invocations=52 (full 3):
 PSYoungGen      total 12800K, used 128K [0x00000000d5580000, 0x00000000d6300000, 0x0000000100000000)
  eden space 11776K, 0% used [0x00000000d5580000,0x00000000d5580000,0x00000000d6100000)
  from space 1024K, 12% used [0x00000000d6100000,0x00000000d6120000,0x00000000d6200000)
  to   space 512K, 0% used [0x00000000d6280000,0x00000000d6280000,0x00000000d6300000)
 ParOldGen       total 68608K, used 62425K [0x0000000080000000, 0x0000000084300000, 0x00000000d5580000)
  object space 68608K, 90% used [0x0000000080000000,0x0000000083cf65b0,0x0000000084300000)
 Metaspace       used 58349K, committed 59776K, reserved 1114112K
  class space    used 6205K, committed 6848K, reserved 1048576K
}
Event: 27.484 GC heap after
{Heap after GC invocations=52 (full 3):
 PSYoungGen      total 12800K, used 0K [0x00000000d5580000, 0x00000000d6300000, 0x0000000100000000)
  eden space 11776K, 0% used [0x00000000d5580000,0x00000000d5580000,0x00000000d6100000)
  from space 1024K, 0% used [0x00000000d6100000,0x00000000d6100000,0x00000000d6200000)
  to   space 512K, 0% used [0x00000000d6280000,0x00000000d6280000,0x00000000d6300000)
 ParOldGen       total 68608K, used 50257K [0x0000000080000000, 0x0000000084300000, 0x00000000d5580000)
  object space 68608K, 73% used [0x0000000080000000,0x00000000831146b8,0x0000000084300000)
 Metaspace       used 58348K, committed 59776K, reserved 1114112K
  class space    used 6204K, committed 6848K, reserved 1048576K
}
Event: 28.733 GC heap before
{Heap before GC invocations=53 (full 3):
 PSYoungGen      total 12800K, used 11776K [0x00000000d5580000, 0x00000000d6300000, 0x0000000100000000)
  eden space 11776K, 100% used [0x00000000d5580000,0x00000000d6100000,0x00000000d6100000)
  from space 1024K, 0% used [0x00000000d6100000,0x00000000d6100000,0x00000000d6200000)
  to   space 512K, 0% used [0x00000000d6280000,0x00000000d6280000,0x00000000d6300000)
 ParOldGen       total 68608K, used 50257K [0x0000000080000000, 0x0000000084300000, 0x00000000d5580000)
  object space 68608K, 73% used [0x0000000080000000,0x00000000831146b8,0x0000000084300000)
 Metaspace       used 59242K, committed 60608K, reserved 1114112K
  class space    used 6287K, committed 6912K, reserved 1048576K
}
Event: 28.737 GC heap after
{Heap after GC invocations=53 (full 3):
 PSYoungGen      total 12288K, used 504K [0x00000000d5580000, 0x00000000d6400000, 0x0000000100000000)
  eden space 11776K, 0% used [0x00000000d5580000,0x00000000d5580000,0x00000000d6100000)
  from space 512K, 98% used [0x00000000d6280000,0x00000000d62fe258,0x00000000d6300000)
  to   space 1536K, 0% used [0x00000000d6100000,0x00000000d6100000,0x00000000d6280000)
 ParOldGen       total 68608K, used 50730K [0x0000000080000000, 0x0000000084300000, 0x00000000d5580000)
  object space 68608K, 73% used [0x0000000080000000,0x000000008318ab58,0x0000000084300000)
 Metaspace       used 59242K, committed 60608K, reserved 1114112K
  class space    used 6287K, committed 6912K, reserved 1048576K
}
Event: 39.896 GC heap before
{Heap before GC invocations=54 (full 3):
 PSYoungGen      total 12288K, used 12268K [0x00000000d5580000, 0x00000000d6400000, 0x0000000100000000)
  eden space 11776K, 99% used [0x00000000d5580000,0x00000000d60fd098,0x00000000d6100000)
  from space 512K, 98% used [0x00000000d6280000,0x00000000d62fe258,0x00000000d6300000)
  to   space 1536K, 0% used [0x00000000d6100000,0x00000000d6100000,0x00000000d6280000)
 ParOldGen       total 68608K, used 50730K [0x0000000080000000, 0x0000000084300000, 0x00000000d5580000)
  object space 68608K, 73% used [0x0000000080000000,0x000000008318ab58,0x0000000084300000)
 Metaspace       used 59533K, committed 60864K, reserved 1114112K
  class space    used 6305K, committed 6912K, reserved 1048576K
}
Event: 39.898 GC heap after
{Heap after GC invocations=54 (full 3):
 PSYoungGen      total 12800K, used 912K [0x00000000d5580000, 0x00000000d6300000, 0x0000000100000000)
  eden space 11776K, 0% used [0x00000000d5580000,0x00000000d5580000,0x00000000d6100000)
  from space 1024K, 89% used [0x00000000d6100000,0x00000000d61e4030,0x00000000d6200000)
  to   space 1024K, 0% used [0x00000000d6200000,0x00000000d6200000,0x00000000d6300000)
 ParOldGen       total 68608K, used 51241K [0x0000000080000000, 0x0000000084300000, 0x00000000d5580000)
  object space 68608K, 74% used [0x0000000080000000,0x000000008320a5b0,0x0000000084300000)
 Metaspace       used 59533K, committed 60864K, reserved 1114112K
  class space    used 6305K, committed 6912K, reserved 1048576K
}

